\BOOKMARK [0][-]{chapter*.1}{\376\377\123\237\122\033\140\047\130\360\146\016}{}% 1
\BOOKMARK [0][-]{chapter*.2}{\376\377\143\210\147\103\130\360\146\016}{}% 2
\BOOKMARK [0][-]{chapter*.3}{\376\377\116\055\145\207\144\130\211\201}{}% 3
\BOOKMARK [0][-]{chapter*.4}{\376\377\000A\000b\000s\000t\000r\000a\000c\000t}{}% 4
\BOOKMARK [0][-]{chapter.1}{\376\377\176\352\213\272}{}% 5
\BOOKMARK [1][-]{section.1.1}{\376\377\170\024\172\166\200\314\146\157\116\016\122\250\147\072}{chapter.1}% 6
\BOOKMARK [1][-]{section.1.2}{\376\377\225\356\230\230\133\232\116\111\116\016\116\373\122\241\217\271\165\114}{chapter.1}% 7
\BOOKMARK [1][-]{section.1.3}{\376\377\142\200\147\057\215\357\176\277\151\202\217\360}{chapter.1}% 8
\BOOKMARK [1][-]{section.1.4}{\376\377\116\073\211\201\215\041\163\056}{chapter.1}% 9
\BOOKMARK [1][-]{section.1.5}{\376\377\213\272\145\207\176\323\147\204\133\211\143\222}{chapter.1}% 10
\BOOKMARK [0][-]{chapter.2}{\376\377\166\370\121\163\135\345\117\134}{}% 11
\BOOKMARK [1][-]{section.2.1}{\376\377\221\321\207\215\225\356\173\124\116\016\150\300\175\042\130\236\137\072\203\003\137\017}{chapter.2}% 12
\BOOKMARK [1][-]{section.2.2}{\376\377\131\032\215\363\000/\131\032\153\145\150\300\175\042\116\016\147\345\213\342\145\071\121\231}{chapter.2}% 13
\BOOKMARK [1][-]{section.2.3}{\376\377\135\345\121\167\130\236\137\072\116\016\145\160\120\074\143\250\164\006}{chapter.2}% 14
\BOOKMARK [1][-]{section.2.4}{\376\377\145\160\143\156\226\306\116\016\213\304\155\113\123\343\137\204}{chapter.2}% 15
\BOOKMARK [1][-]{section.2.5}{\376\377\134\017\176\323\377\032\147\054\135\345\117\134\166\204\133\232\117\115\116\016\135\356\137\002}{chapter.2}% 16
\BOOKMARK [0][-]{chapter.3}{\376\377\145\271\154\325}{}% 17
\BOOKMARK [1][-]{section.3.1}{\376\377\116\373\122\241\137\142\137\017\123\026\116\016\173\046\123\367\176\246\133\232}{chapter.3}% 18
\BOOKMARK [1][-]{section.3.2}{\376\377\145\160\143\156\116\016\175\042\137\025\147\204\136\372}{chapter.3}% 19
\BOOKMARK [1][-]{section.3.3}{\376\377\123\125\153\145\150\300\175\042\000\040\000b\000a\000s\000e\000l\000i\000n\000e}{chapter.3}% 20
\BOOKMARK [1][-]{section.3.4}{\376\377\131\032\153\145\150\300\175\042\377\010\000m\000u\000l\000t\000i\000s\000t\000e\000p\377\011}{chapter.3}% 21
\BOOKMARK [1][-]{section.3.5}{\376\377\213\301\143\156\145\164\124\010\116\016\173\124\150\110\165\037\142\020}{chapter.3}% 22
\BOOKMARK [1][-]{section.3.6}{\376\377\145\160\120\074\213\241\173\227\126\150\152\041\127\127}{chapter.3}% 23
\BOOKMARK [1][-]{section.3.7}{\376\377\213\304\155\113\116\016\145\345\137\327\000/\116\247\162\151\211\304\203\003}{chapter.3}% 24
\BOOKMARK [0][-]{chapter.4}{\376\377\133\236\232\214\116\016\176\323\147\234}{}% 25
\BOOKMARK [1][-]{section.4.1}{\376\377\133\236\232\214\213\276\177\156}{chapter.4}% 26
\BOOKMARK [1][-]{section.4.2}{\376\377\116\073\176\323\147\234\133\371\153\324}{chapter.4}% 27
\BOOKMARK [1][-]{section.4.3}{\376\377\176\304\116\366\215\041\163\056\377\010\000b\000a\000s\000e\000l\000i\000n\000e\000\040\041\222\000\040\000m\000u\000l\000t\000i\000s\000t\000e\000p\000\040\041\222\000\040\000c\000a\000l\000c\000u\000l\000a\000t\000o\000r\377\011}{chapter.4}% 28
\BOOKMARK [1][-]{section.4.4}{\376\377\213\312\145\255\122\006\147\220}{chapter.4}% 29
\BOOKMARK [1][-]{section.4.5}{\376\377\150\110\117\213\170\024\172\166}{chapter.4}% 30
\BOOKMARK [1][-]{section.4.6}{\376\377\134\017\176\323\116\016\134\100\226\120}{chapter.4}% 31
\BOOKMARK [0][-]{chapter.5}{\376\377\176\323\213\272}{}% 32
\BOOKMARK [0][-]{chapter*.6}{\376\377\123\302\200\003\145\207\163\056}{}% 33
\BOOKMARK [0][-]{appendix*.8}{\376\377\226\104\137\125}{}% 34
\BOOKMARK [1][-]{section.Alph0.1}{\376\377\131\015\163\260\124\175\116\344\156\005\123\125}{appendix*.8}% 35
\BOOKMARK [1][-]{section.Alph0.2}{\376\377\121\163\225\056\221\115\177\156\145\207\116\366}{appendix*.8}% 36
\BOOKMARK [1][-]{section.Alph0.3}{\376\377\000o\000u\000t\000p\000u\000t\000s\000\040\176\323\147\204\213\364\146\016}{appendix*.8}% 37
\BOOKMARK [1][-]{section.Alph0.4}{\376\377\163\257\130\203\116\016\117\235\215\126}{appendix*.8}% 38
\BOOKMARK [0][-]{appendix*.9}{\376\377\201\364\214\042}{}% 39
